<?xml version="1.0" encoding="UTF-8"?>
<testng-results skipped="0" failed="0" ignored="0" total="1" passed="1">
  <reporter-output>
  </reporter-output>
  <suite name="Suite" duration-ms="1926" started-at="2017-08-15T07:06:42Z" finished-at="2017-08-15T07:06:44Z">
    <groups>
    </groups>
    <test name="Test" duration-ms="1926" started-at="2017-08-15T07:06:42Z" finished-at="2017-08-15T07:06:44Z">
      <class name="com.exercise.rest_assured.AssuredTest">
        <test-method status="PASS" signature="AssuredExercise()[pri:0, instance:com.exercise.rest_assured.AssuredTest@55f3ddb1]" name="AssuredExercise" duration-ms="1892" started-at="2017-08-15T15:06:42Z" finished-at="2017-08-15T15:06:44Z">
          <reporter-output>
          </reporter-output>
        </test-method> <!-- AssuredExercise -->
      </class> <!-- com.exercise.rest_assured.AssuredTest -->
    </test> <!-- Test -->
  </suite> <!-- Suite -->
</testng-results>
